[0.048s] Invoking command in '/home/motoki/kosyu_ws/build/pub': CMAKE_PREFIX_PATH=${CMAKE_PREFIX_PATH}:/home/motoki/my_ws/install/yolo:/home/motoki/my_ws/install/robot_op2:/home/motoki/my_ws/install/robot_op:/home/motoki/my_ws/install/robot_odom:/home/motoki/my_ws/install/robot_goal:/opt/ros/foxy /usr/bin/cmake --build /home/motoki/kosyu_ws/build/pub -- -j6 -l6
[0.150s] [35m[1mScanning dependencies of target pub_node[0m
[0.204s] [ 33%] [32mBuilding CXX object CMakeFiles/pub_node.dir/src/pub_node.cpp.o[0m
[2.986s] [01m[K/home/motoki/kosyu_ws/src/pub/src/pub_node.cpp:[m[K In constructor â€˜[01m[KPubNode::PubNode(const string&, const rclcpp::NodeOptions&)[m[Kâ€™:
[2.986s] [01m[K/home/motoki/kosyu_ws/src/pub/src/pub_node.cpp:7:2:[m[K [01;31m[Kerror: [m[Kexpected â€˜[01m[K;[m[Kâ€™ before â€˜[01m[K}[m[Kâ€™ token
[2.987s]     7 |  [01;31m[K}[m[K;
[2.987s]       |  [01;31m[K^[m[K
[2.987s] [01m[K/home/motoki/kosyu_ws/src/pub/src/pub_node.cpp:[m[K At global scope:
[2.987s] [01m[K/home/motoki/kosyu_ws/src/pub/src/pub_node.cpp:7:3:[m[K [01;35m[Kwarning: [m[Kextra â€˜[01m[K;[m[Kâ€™ [[01;35m[K-Wpedantic[m[K]
[2.988s]     7 |  }[01;35m[K;[m[K
[2.988s]       |   [01;35m[K^[m[K
[3.929s] make[2]: *** [CMakeFiles/pub_node.dir/build.make:63: CMakeFiles/pub_node.dir/src/pub_node.cpp.o] Error 1
[3.929s] make[1]: *** [CMakeFiles/Makefile2:78: CMakeFiles/pub_node.dir/all] Error 2
[3.930s] make: *** [Makefile:141: all] Error 2
[3.935s] Invoked command in '/home/motoki/kosyu_ws/build/pub' returned '2': CMAKE_PREFIX_PATH=${CMAKE_PREFIX_PATH}:/home/motoki/my_ws/install/yolo:/home/motoki/my_ws/install/robot_op2:/home/motoki/my_ws/install/robot_op:/home/motoki/my_ws/install/robot_odom:/home/motoki/my_ws/install/robot_goal:/opt/ros/foxy /usr/bin/cmake --build /home/motoki/kosyu_ws/build/pub -- -j6 -l6
