[0.046s] Invoking command in '/home/motoki/kosyu_ws/build/sub': CMAKE_PREFIX_PATH=${CMAKE_PREFIX_PATH}:/home/motoki/my_ws/install/yolo:/home/motoki/my_ws/install/robot_op2:/home/motoki/my_ws/install/robot_op:/home/motoki/my_ws/install/robot_odom:/home/motoki/my_ws/install/robot_goal:/opt/ros/foxy /usr/bin/cmake --build /home/motoki/kosyu_ws/build/sub -- -j6 -l6
[0.132s] [35m[1mScanning dependencies of target sub_node[0m
[0.186s] [ 33%] [32mBuilding CXX object CMakeFiles/sub_node.dir/src/main.cpp.o[0m
[0.187s] [ 66%] [32mBuilding CXX object CMakeFiles/sub_node.dir/src/sub_node.cpp.o[0m
[3.291s] In file included from [01m[K/home/motoki/kosyu_ws/src/sub/src/sub_node.cpp:4[m[K:
[3.292s] [01m[K/home/motoki/kosyu_ws/src/sub/src/sub_node.hpp:13:52:[m[K [01;31m[Kerror: [m[Kâ€˜[01m[Kexample_interfaces::msg::tring[m[Kâ€™ has not been declared
[3.292s]    13 |         void sub_callback(example_interfaces::msg::[01;31m[Ktring[m[K::SharedPtr msg) ->void {
[3.292s]       |                                                    [01;31m[K^~~~~[m[K
[3.292s] [01m[K/home/motoki/kosyu_ws/src/sub/src/sub_node.hpp:13:69:[m[K [01;31m[Kerror: [m[Kexpected â€˜[01m[K,[m[Kâ€™ or â€˜[01m[K...[m[Kâ€™ before â€˜[01m[Kmsg[m[Kâ€™
[3.293s]    13 |       void sub_callback(example_interfaces::msg::tring::SharedPtr [01;31m[Kmsg[m[K) ->void {
[3.293s]       |                                                                   [01;31m[K^~~[m[K
[3.293s] 
[3.293s] [01m[K/home/motoki/kosyu_ws/src/sub/src/sub_node.hpp:13:9:[m[K [01;31m[Kerror: [m[Kâ€˜[01m[Ksub_callback[m[Kâ€™ function with trailing return type not declared with â€˜[01m[Kauto[m[Kâ€™ type specifier
[3.293s]    13 |         [01;31m[Kvoid[m[K sub_callback(example_interfaces::msg::tring::SharedPtr msg) ->void {
[3.293s]       |         [01;31m[K^~~~[m[K
[3.294s] [01m[K/home/motoki/kosyu_ws/src/sub/src/sub_node.cpp:[m[K In constructor â€˜[01m[KSubNode::SubNode(const string&, const rclcpp::NodeOptions&)[m[Kâ€™:
[3.294s] [01m[K/home/motoki/kosyu_ws/src/sub/src/sub_node.cpp:13:15:[m[K [01;31m[Kerror: [m[Kâ€˜[01m[Kclass SubNode[m[Kâ€™ has no member named â€˜[01m[Ksub_callback[m[Kâ€™
[3.295s]    13 |         this->[01;31m[Ksub_callback[m[K
[3.295s]       |               [01;31m[K^~~~~~~~~~~~[m[K
[3.380s] In file included from [01m[K/home/motoki/kosyu_ws/src/sub/src/main.cpp:2[m[K:
[3.380s] [01m[K/home/motoki/kosyu_ws/src/sub/src/sub_node.hpp:13:52:[m[K [01;31m[Kerror: [m[Kâ€˜[01m[Kexample_interfaces::msg::tring[m[Kâ€™ has not been declared
[3.380s]    13 |         void sub_callback(example_interfaces::msg::[01;31m[Ktring[m[K::SharedPtr msg) ->void {
[3.381s]       |                                                    [01;31m[K^~~~~[m[K
[3.381s] [01m[K/home/motoki/kosyu_ws/src/sub/src/sub_node.hpp:13:69:[m[K [01;31m[Kerror: [m[Kexpected â€˜[01m[K,[m[Kâ€™ or â€˜[01m[K...[m[Kâ€™ before â€˜[01m[Kmsg[m[Kâ€™
[3.381s]    13 |         void sub_callback(example_interfaces::msg::tring::SharedPtr [01;31m[Kmsg[m[K) ->void {
[3.381s]       |                                                                     [01;31m[K^~~[m[K
[3.381s] [01m[K/home/motoki/kosyu_ws/src/sub/src/sub_node.hpp:13:9:[m[K [01;31m[Kerror: [m[Kâ€˜[01m[Ksub_callback[m[Kâ€™ function with trailing return type not declared with â€˜[01m[Kauto[m[Kâ€™ type specifier
[3.381s]    13 |         [01;31m[Kvoid[m[K sub_callback(example_interfaces::msg::tring::SharedPtr msg) ->void {
[3.381s]       |         [01;31m[K^~~~[m[K
[4.414s] make[2]: *** [CMakeFiles/sub_node.dir/build.make:63: CMakeFiles/sub_node.dir/src/sub_node.cpp.o] Error 1
[4.414s] make[2]: *** Waiting for unfinished jobs....
[4.580s] make[2]: *** [CMakeFiles/sub_node.dir/build.make:76: CMakeFiles/sub_node.dir/src/main.cpp.o] Error 1
[4.581s] make[1]: *** [CMakeFiles/Makefile2:78: CMakeFiles/sub_node.dir/all] Error 2
[4.581s] make: *** [Makefile:141: all] Error 2
[4.588s] Invoked command in '/home/motoki/kosyu_ws/build/sub' returned '2': CMAKE_PREFIX_PATH=${CMAKE_PREFIX_PATH}:/home/motoki/my_ws/install/yolo:/home/motoki/my_ws/install/robot_op2:/home/motoki/my_ws/install/robot_op:/home/motoki/my_ws/install/robot_odom:/home/motoki/my_ws/install/robot_goal:/opt/ros/foxy /usr/bin/cmake --build /home/motoki/kosyu_ws/build/sub -- -j6 -l6
