[0.071s] Invoking command in '/home/motoki/kosyu_ws/build/sub': CMAKE_PREFIX_PATH=${CMAKE_PREFIX_PATH}:/home/motoki/my_ws/install/yolo:/home/motoki/my_ws/install/robot_op2:/home/motoki/my_ws/install/robot_op:/home/motoki/my_ws/install/robot_odom:/home/motoki/my_ws/install/robot_goal:/opt/ros/foxy /usr/bin/cmake --build /home/motoki/kosyu_ws/build/sub -- -j6 -l6
[0.153s] -- Found ament_cmake: 0.9.12 (/opt/ros/foxy/share/ament_cmake/cmake)
[0.381s] -- Using PYTHON_EXECUTABLE: /usr/bin/python3
[1.272s] -- Override CMake install command with custom implementation using symlinks instead of copying resources
[1.316s] -- Found rclcpp: 2.4.3 (/opt/ros/foxy/share/rclcpp/cmake)
[1.596s] -- Using all available rosidl_typesupport_c: rosidl_typesupport_fastrtps_c;rosidl_typesupport_introspection_c
[1.617s] -- Found rosidl_adapter: 1.3.1 (/opt/ros/foxy/share/rosidl_adapter/cmake)
[2.117s] -- Found OpenSSL: /usr/lib/aarch64-linux-gnu/libcrypto.so (found version "1.1.1f")  
[2.325s] -- Found FastRTPS: /opt/ros/foxy/include  
[2.818s] -- Using all available rosidl_typesupport_cpp: rosidl_typesupport_fastrtps_cpp;rosidl_typesupport_introspection_cpp
[3.109s] -- Found rmw_implementation_cmake: 1.0.4 (/opt/ros/foxy/share/rmw_implementation_cmake/cmake)
[3.114s] -- Using RMW implementation 'rmw_fastrtps_cpp' as default
[3.119s] -- Looking for pthread.h
[4.024s] -- Looking for pthread.h - found
[4.165s] -- Performing Test CMAKE_HAVE_LIBC_PTHREAD
[4.546s] -- Performing Test CMAKE_HAVE_LIBC_PTHREAD - Failed
[4.546s] -- Looking for pthread_create in pthreads
[5.082s] -- Looking for pthread_create in pthreads - not found
[5.082s] -- Looking for pthread_create in pthread
[5.325s] -- Looking for pthread_create in pthread - found
[5.329s] -- Found Threads: TRUE  
[6.788s] -- Found example_interfaces: 0.9.1 (/opt/ros/foxy/share/example_interfaces/cmake)
[7.306s] -- Found ament_lint_auto: 0.9.8 (/opt/ros/foxy/share/ament_lint_auto/cmake)
[7.612s] -- Added test 'copyright' to check source files copyright and LICENSE
[7.614s] -- Added test 'cppcheck' to perform static code analysis on C / C++ code
[7.615s] -- Configured cppcheck include dirs: $<BUILD_INTERFACE:/home/motoki/kosyu_ws/src/sub/include>
[7.615s] -- Configured cppcheck exclude dirs and/or files: 
[7.617s] -- Added test 'cpplint' to check C / C++ code against the Google style
[7.618s] -- Configured cpplint exclude dirs and/or files: 
[7.620s] -- Added test 'lint_cmake' to check CMake code style
[7.622s] -- Added test 'uncrustify' to check C / C++ code style
[7.622s] -- Configured uncrustify additional arguments: 
[7.623s] -- Added test 'xmllint' to check XML markup files
[7.633s] -- Configuring done
[7.659s] -- Generating done
[7.668s] -- Build files have been written to: /home/motoki/kosyu_ws/build/sub
[7.743s] [35m[1mScanning dependencies of target sub_node[0m
[8.089s] [ 33%] [32mBuilding CXX object CMakeFiles/sub_node.dir/src/sub_node.cpp.o[0m
[8.090s] [ 66%] [32mBuilding CXX object CMakeFiles/sub_node.dir/src/main.cpp.o[0m
[8.442s] [01m[K/home/motoki/kosyu_ws/src/sub/src/sub_node.cpp:1:10:[m[K [01;31m[Kfatal error: [m[Krclcpp/eclcpp.hpp: No such file or directory
[8.443s]     1 | #include [01;31m[K<rclcpp/eclcpp.hpp>[m[K
[8.443s]       |          [01;31m[K^~~~~~~~~~~~~~~~~~~[m[K
[8.443s] compilation terminated.
[8.587s] make[2]: *** [CMakeFiles/sub_node.dir/build.make:63: CMakeFiles/sub_node.dir/src/sub_node.cpp.o] Error 1
[8.588s] make[2]: *** Waiting for unfinished jobs....
[9.062s] In file included from [01m[K/home/motoki/kosyu_ws/src/sub/src/main.cpp:2[m[K:
[9.062s] [01m[K/home/motoki/kosyu_ws/src/sub/src/sub_node.hpp:1:10:[m[K [01;31m[Kfatal error: [m[Krclcpp/eclcpp.hpp: No such file or directory
[9.062s]     1 | #include [01;31m[K<rclcpp/eclcpp.hpp>[m[K
[9.063s]       |          [01;31m[K^~~~~~~~~~~~~~~~~~~[m[K
[9.063s] compilation terminated.
[9.214s] make[2]: *** [CMakeFiles/sub_node.dir/build.make:76: CMakeFiles/sub_node.dir/src/main.cpp.o] Error 1
[9.216s] make[1]: *** [CMakeFiles/Makefile2:78: CMakeFiles/sub_node.dir/all] Error 2
[9.216s] make: *** [Makefile:141: all] Error 2
[9.224s] Invoked command in '/home/motoki/kosyu_ws/build/sub' returned '2': CMAKE_PREFIX_PATH=${CMAKE_PREFIX_PATH}:/home/motoki/my_ws/install/yolo:/home/motoki/my_ws/install/robot_op2:/home/motoki/my_ws/install/robot_op:/home/motoki/my_ws/install/robot_odom:/home/motoki/my_ws/install/robot_goal:/opt/ros/foxy /usr/bin/cmake --build /home/motoki/kosyu_ws/build/sub -- -j6 -l6
