In file included from [01m[K/home/motoki/kosyu_ws/src/pub/src/pub_node.cpp:5[m[K:
[01m[K/home/motoki/kosyu_ws/src/pub/src/pub_node.hpp:7:17:[m[K [01;31m[Kerror: [m[Kâ€˜[01m[KTimerVase[m[Kâ€™ in namespace â€˜[01m[Krclcpp[m[Kâ€™ does not name a type; did you mean â€˜[01m[KTimerBase[m[Kâ€™?
    7 |         rclcpp::[01;31m[KTimerVase[m[K::SharedPtr timer_;
      |                 [01;31m[K^~~~~~~~~[m[K
      |                 [32m[KTimerBase[m[K
[01m[K/home/motoki/kosyu_ws/src/pub/src/pub_node.cpp:[m[K In constructor â€˜[01m[KPubNode::PubNode(const string&, const rclcpp::NodeOptions&)[m[Kâ€™:
[01m[K/home/motoki/kosyu_ws/src/pub/src/pub_node.cpp:12:3:[m[K [01;31m[Kerror: [m[Kâ€˜[01m[Ktimer_[m[Kâ€™ was not declared in this scope; did you mean â€˜[01m[Ktimer_t[m[Kâ€™?
   12 |   [01;31m[Ktimer_[m[K = this->create_wall_timer(
      |   [01;31m[K^~~~~~[m[K
      |   [32m[Ktimer_t[m[K
In file included from [01m[K/opt/ros/foxy/include/rclcpp/service.hpp:34[m[K,
                 from [01m[K/opt/ros/foxy/include/rclcpp/callback_group.hpp:25[m[K,
                 from [01m[K/opt/ros/foxy/include/rclcpp/any_executable.hpp:20[m[K,
                 from [01m[K/opt/ros/foxy/include/rclcpp/memory_strategy.hpp:24[m[K,
                 from [01m[K/opt/ros/foxy/include/rclcpp/memory_strategies.hpp:18[m[K,
                 from [01m[K/opt/ros/foxy/include/rclcpp/executor_options.hpp:20[m[K,
                 from [01m[K/opt/ros/foxy/include/rclcpp/executor.hpp:33[m[K,
                 from [01m[K/opt/ros/foxy/include/rclcpp/executors/multi_threaded_executor.hpp:26[m[K,
                 from [01m[K/opt/ros/foxy/include/rclcpp/executors.hpp:21[m[K,
                 from [01m[K/opt/ros/foxy/include/rclcpp/rclcpp.hpp:146[m[K,
                 from [01m[K/home/motoki/kosyu_ws/src/pub/src/pub_node.cpp:1[m[K:
[01m[K/home/motoki/kosyu_ws/src/pub/src/pub_node.cpp:[m[K In lambda function:
[01m[K/home/motoki/kosyu_ws/src/pub/src/pub_node.cpp:17:25:[m[K [01;31m[Kerror: [m[Kâ€˜[01m[Kclass PubNode[m[Kâ€™ has no member named â€˜[01m[Kgetlogger[m[Kâ€™; did you mean â€˜[01m[Kget_logger[m[Kâ€™?
   17 |       RCLCPP_INFO(this->[01;31m[Kgetlogger[m[K(), "Pub:%s", msg->data.c_str());
      |                         [01;31m[K^~~~~~~~~[m[K
[01m[K/home/motoki/kosyu_ws/src/pub/src/pub_node.cpp:17:25:[m[K [01;31m[Kerror: [m[Kâ€˜[01m[Kclass PubNode[m[Kâ€™ has no member named â€˜[01m[Kgetlogger[m[Kâ€™; did you mean â€˜[01m[Kget_logger[m[Kâ€™?
[01m[K/home/motoki/kosyu_ws/src/pub/src/pub_node.cpp:17:7:[m[K [01;31m[Kerror: [m[Ktemplate argument 1 is invalid
   17 |       [01;31m[KRCLCPP_INFO[m[K(this->getlogger(), "Pub:%s", msg->data.c_str());
      |       [01;31m[K^~~~~~~~~~~[m[K
[01m[K/home/motoki/kosyu_ws/src/pub/src/pub_node.cpp:17:7:[m[K [01;31m[Kerror: [m[Ktemplate argument 1 is invalid
   17 |       [01;31m[KRCLCPP_INFO[m[K(this->getlogger(), "Pub:%s", msg->data.c_str());
      |       [01;31m[K^~~~~~~~~~~[m[K
[01m[K/home/motoki/kosyu_ws/src/pub/src/pub_node.cpp:17:7:[m[K [01;31m[Kerror: [m[Ktemplate argument 1 is invalid
   17 |       [01;31m[KRCLCPP_INFO[m[K(this->getlogger(), "Pub:%s", msg->data.c_str());
      |       [01;31m[K^~~~~~~~~~~[m[K
In file included from [01m[K/opt/ros/foxy/include/rclcpp/client.hpp:40[m[K,
                 from [01m[K/opt/ros/foxy/include/rclcpp/callback_group.hpp:23[m[K,
                 from [01m[K/opt/ros/foxy/include/rclcpp/any_executable.hpp:20[m[K,
                 from [01m[K/opt/ros/foxy/include/rclcpp/memory_strategy.hpp:24[m[K,
                 from [01m[K/opt/ros/foxy/include/rclcpp/memory_strategies.hpp:18[m[K,
                 from [01m[K/opt/ros/foxy/include/rclcpp/executor_options.hpp:20[m[K,
                 from [01m[K/opt/ros/foxy/include/rclcpp/executor.hpp:33[m[K,
                 from [01m[K/opt/ros/foxy/include/rclcpp/executors/multi_threaded_executor.hpp:26[m[K,
                 from [01m[K/opt/ros/foxy/include/rclcpp/executors.hpp:21[m[K,
                 from [01m[K/opt/ros/foxy/include/rclcpp/rclcpp.hpp:146[m[K,
                 from [01m[K/home/motoki/kosyu_ws/src/pub/src/pub_node.cpp:1[m[K:
[01m[K/home/motoki/kosyu_ws/src/pub/src/pub_node.cpp:17:25:[m[K [01;31m[Kerror: [m[Kâ€˜[01m[Kclass PubNode[m[Kâ€™ has no member named â€˜[01m[Kgetlogger[m[Kâ€™; did you mean â€˜[01m[Kget_logger[m[Kâ€™?
   17 |       RCLCPP_INFO(this->[01;31m[Kgetlogger[m[K(), "Pub:%s", msg->data.c_str());
      |                         [01;31m[K^~~~~~~~~[m[K
[01m[K/home/motoki/kosyu_ws/src/pub/src/pub_node.cpp:17:25:[m[K [01;31m[Kerror: [m[Kâ€˜[01m[Kclass PubNode[m[Kâ€™ has no member named â€˜[01m[Kgetlogger[m[Kâ€™; did you mean â€˜[01m[Kget_logger[m[Kâ€™?
   17 |       RCLCPP_INFO(this->[01;31m[Kgetlogger[m[K(), "Pub:%s", msg->data.c_str());
      |                         [01;31m[K^~~~~~~~~[m[K
In file included from [01m[K/home/motoki/kosyu_ws/src/pub/src/main.cpp:2[m[K:
[01m[K/home/motoki/kosyu_ws/src/pub/src/pub_node.hpp:7:17:[m[K [01;31m[Kerror: [m[Kâ€˜[01m[KTimerVase[m[Kâ€™ in namespace â€˜[01m[Krclcpp[m[Kâ€™ does not name a type; did you mean â€˜[01m[KTimerBase[m[Kâ€™?
    7 |         rclcpp::[01;31m[KTimerVase[m[K::SharedPtr timer_;
      |                 [01;31m[K^~~~~~~~~[m[K
      |                 [32m[KTimerBase[m[K
make[2]: *** [CMakeFiles/pub_node.dir/build.make:76: CMakeFiles/pub_node.dir/src/main.cpp.o] Error 1
make[2]: *** Waiting for unfinished jobs....
make[2]: *** [CMakeFiles/pub_node.dir/build.make:63: CMakeFiles/pub_node.dir/src/pub_node.cpp.o] Error 1
make[1]: *** [CMakeFiles/Makefile2:78: CMakeFiles/pub_node.dir/all] Error 2
make: *** [Makefile:141: all] Error 2
