-- Found ament_cmake: 0.9.12 (/opt/ros/foxy/share/ament_cmake/cmake)
-- Using PYTHON_EXECUTABLE: /usr/bin/python3
-- Override CMake install command with custom implementation using symlinks instead of copying resources
-- Found rclcpp: 2.4.3 (/opt/ros/foxy/share/rclcpp/cmake)
-- Using all available rosidl_typesupport_c: rosidl_typesupport_fastrtps_c;rosidl_typesupport_introspection_c
-- Found rosidl_adapter: 1.3.1 (/opt/ros/foxy/share/rosidl_adapter/cmake)
-- Using all available rosidl_typesupport_cpp: rosidl_typesupport_fastrtps_cpp;rosidl_typesupport_introspection_cpp
-- Found rmw_implementation_cmake: 1.0.4 (/opt/ros/foxy/share/rmw_implementation_cmake/cmake)
-- Using RMW implementation 'rmw_fastrtps_cpp' as default
-- Found example_interfaces: 0.9.1 (/opt/ros/foxy/share/example_interfaces/cmake)
-- Found ament_lint_auto: 0.9.8 (/opt/ros/foxy/share/ament_lint_auto/cmake)
-- Added test 'copyright' to check source files copyright and LICENSE
-- Added test 'cppcheck' to perform static code analysis on C / C++ code
-- Configured cppcheck include dirs: $<BUILD_INTERFACE:/home/motoki/kosyu_ws/src/pub/include>
-- Configured cppcheck exclude dirs and/or files: 
-- Added test 'cpplint' to check C / C++ code against the Google style
-- Configured cpplint exclude dirs and/or files: 
-- Added test 'lint_cmake' to check CMake code style
-- Added test 'uncrustify' to check C / C++ code style
-- Configured uncrustify additional arguments: 
-- Added test 'xmllint' to check XML markup files
-- Configuring done
-- Generating done
-- Build files have been written to: /home/motoki/kosyu_ws/build/pub
[35m[1mScanning dependencies of target pub_node[0m
[ 66%] [32mBuilding CXX object CMakeFiles/pub_node.dir/src/pub_node.cpp.o[0m
[ 66%] [32mBuilding CXX object CMakeFiles/pub_node.dir/src/main.cpp.o[0m
In file included from [01m[K/home/motoki/kosyu_ws/src/pub/src/pub_node.cpp:5[m[K:
[01m[K/home/motoki/kosyu_ws/src/pub/src/pub_node.hpp:7:17:[m[K [01;31m[Kerror: [m[Kâ€˜[01m[KTimerVase[m[Kâ€™ in namespace â€˜[01m[Krclcpp[m[Kâ€™ does not name a type; did you mean â€˜[01m[KTimerBase[m[Kâ€™?
    7 |         rclcpp::[01;31m[KTimerVase[m[K::SharedPtr timer_;
      |                 [01;31m[K^~~~~~~~~[m[K
      |                 [32m[KTimerBase[m[K
[01m[K/home/motoki/kosyu_ws/src/pub/src/pub_node.cpp:[m[K In constructor â€˜[01m[KPubNode::PubNode(const string&, const rclcpp::NodeOptions&)[m[Kâ€™:
[01m[K/home/motoki/kosyu_ws/src/pub/src/pub_node.cpp:12:3:[m[K [01;31m[Kerror: [m[Kâ€˜[01m[Ktimer_[m[Kâ€™ was not declared in this scope; did you mean â€˜[01m[Ktimer_t[m[Kâ€™?
   12 |   [01;31m[Ktimer_[m[K = this->create_wall_timer(
      |   [01;31m[K^~~~~~[m[K
      |   [32m[Ktimer_t[m[K
In file included from [01m[K/opt/ros/foxy/include/rclcpp/service.hpp:34[m[K,
                 from [01m[K/opt/ros/foxy/include/rclcpp/callback_group.hpp:25[m[K,
                 from [01m[K/opt/ros/foxy/include/rclcpp/any_executable.hpp:20[m[K,
                 from [01m[K/opt/ros/foxy/include/rclcpp/memory_strategy.hpp:24[m[K,
                 from [01m[K/opt/ros/foxy/include/rclcpp/memory_strategies.hpp:18[m[K,
                 from [01m[K/opt/ros/foxy/include/rclcpp/executor_options.hpp:20[m[K,
                 from [01m[K/opt/ros/foxy/include/rclcpp/executor.hpp:33[m[K,
                 from [01m[K/opt/ros/foxy/include/rclcpp/executors/multi_threaded_executor.hpp:26[m[K,
                 from [01m[K/opt/ros/foxy/include/rclcpp/executors.hpp:21[m[K,
                 from [01m[K/opt/ros/foxy/include/rclcpp/rclcpp.hpp:146[m[K,
                 from [01m[K/home/motoki/kosyu_ws/src/pub/src/pub_node.cpp:1[m[K:
[01m[K/home/motoki/kosyu_ws/src/pub/src/pub_node.cpp:[m[K In lambda function:
[01m[K/home/motoki/kosyu_ws/src/pub/src/pub_node.cpp:17:25:[m[K [01;31m[Kerror: [m[Kâ€˜[01m[Kclass PubNode[m[Kâ€™ has no member named â€˜[01m[Kgetlogger[m[Kâ€™; did you mean â€˜[01m[Kget_logger[m[Kâ€™?
   17 |       RCLCPP_INFO(this->[01;31m[Kgetlogger[m[K(), "Pub:%s", msg->data.c_str());
      |                         [01;31m[K^~~~~~~~~[m[K
[01m[K/home/motoki/kosyu_ws/src/pub/src/pub_node.cpp:17:25:[m[K [01;31m[Kerror: [m[Kâ€˜[01m[Kclass PubNode[m[Kâ€™ has no member named â€˜[01m[Kgetlogger[m[Kâ€™; did you mean â€˜[01m[Kget_logger[m[Kâ€™?
[01m[K/home/motoki/kosyu_ws/src/pub/src/pub_node.cpp:17:7:[m[K [01;31m[Kerror: [m[Ktemplate argument 1 is invalid
   17 |       [01;31m[KRCLCPP_INFO[m[K(this->getlogger(), "Pub:%s", msg->data.c_str());
      |       [01;31m[K^~~~~~~~~~~[m[K
[01m[K/home/motoki/kosyu_ws/src/pub/src/pub_node.cpp:17:7:[m[K [01;31m[Kerror: [m[Ktemplate argument 1 is invalid
   17 |       [01;31m[KRCLCPP_INFO[m[K(this->getlogger(), "Pub:%s", msg->data.c_str());
      |       [01;31m[K^~~~~~~~~~~[m[K
[01m[K/home/motoki/kosyu_ws/src/pub/src/pub_node.cpp:17:7:[m[K [01;31m[Kerror: [m[Ktemplate argument 1 is invalid
   17 |       [01;31m[KRCLCPP_INFO[m[K(this->getlogger(), "Pub:%s", msg->data.c_str());
      |       [01;31m[K^~~~~~~~~~~[m[K
In file included from [01m[K/opt/ros/foxy/include/rclcpp/client.hpp:40[m[K,
                 from [01m[K/opt/ros/foxy/include/rclcpp/callback_group.hpp:23[m[K,
                 from [01m[K/opt/ros/foxy/include/rclcpp/any_executable.hpp:20[m[K,
                 from [01m[K/opt/ros/foxy/include/rclcpp/memory_strategy.hpp:24[m[K,
                 from [01m[K/opt/ros/foxy/include/rclcpp/memory_strategies.hpp:18[m[K,
                 from [01m[K/opt/ros/foxy/include/rclcpp/executor_options.hpp:20[m[K,
                 from [01m[K/opt/ros/foxy/include/rclcpp/executor.hpp:33[m[K,
                 from [01m[K/opt/ros/foxy/include/rclcpp/executors/multi_threaded_executor.hpp:26[m[K,
                 from [01m[K/opt/ros/foxy/include/rclcpp/executors.hpp:21[m[K,
                 from [01m[K/opt/ros/foxy/include/rclcpp/rclcpp.hpp:146[m[K,
                 from [01m[K/home/motoki/kosyu_ws/src/pub/src/pub_node.cpp:1[m[K:
[01m[K/home/motoki/kosyu_ws/src/pub/src/pub_node.cpp:17:25:[m[K [01;31m[Kerror: [m[Kâ€˜[01m[Kclass PubNode[m[Kâ€™ has no member named â€˜[01m[Kgetlogger[m[Kâ€™; did you mean â€˜[01m[Kget_logger[m[Kâ€™?
   17 |       RCLCPP_INFO(this->[01;31m[Kgetlogger[m[K(), "Pub:%s", msg->data.c_str());
      |                         [01;31m[K^~~~~~~~~[m[K
[01m[K/home/motoki/kosyu_ws/src/pub/src/pub_node.cpp:17:25:[m[K [01;31m[Kerror: [m[Kâ€˜[01m[Kclass PubNode[m[Kâ€™ has no member named â€˜[01m[Kgetlogger[m[Kâ€™; did you mean â€˜[01m[Kget_logger[m[Kâ€™?
   17 |       RCLCPP_INFO(this->[01;31m[Kgetlogger[m[K(), "Pub:%s", msg->data.c_str());
      |                         [01;31m[K^~~~~~~~~[m[K
In file included from [01m[K/home/motoki/kosyu_ws/src/pub/src/main.cpp:2[m[K:
[01m[K/home/motoki/kosyu_ws/src/pub/src/pub_node.hpp:7:17:[m[K [01;31m[Kerror: [m[Kâ€˜[01m[KTimerVase[m[Kâ€™ in namespace â€˜[01m[Krclcpp[m[Kâ€™ does not name a type; did you mean â€˜[01m[KTimerBase[m[Kâ€™?
    7 |         rclcpp::[01;31m[KTimerVase[m[K::SharedPtr timer_;
      |                 [01;31m[K^~~~~~~~~[m[K
      |                 [32m[KTimerBase[m[K
make[2]: *** [CMakeFiles/pub_node.dir/build.make:76: CMakeFiles/pub_node.dir/src/main.cpp.o] Error 1
make[2]: *** Waiting for unfinished jobs....
make[2]: *** [CMakeFiles/pub_node.dir/build.make:63: CMakeFiles/pub_node.dir/src/pub_node.cpp.o] Error 1
make[1]: *** [CMakeFiles/Makefile2:78: CMakeFiles/pub_node.dir/all] Error 2
make: *** [Makefile:141: all] Error 2
