[35m[1mScanning dependencies of target sub_node[0m
[ 33%] [32mBuilding CXX object CMakeFiles/sub_node.dir/src/sub_node.cpp.o[0m
[01m[K/home/motoki/kosyu_ws/src/sub/src/sub_node.cpp:[m[K In constructor â€˜[01m[KSubNode::SubNode(const string&, const rclcpp::NodeOptions&)[m[Kâ€™:
[01m[K/home/motoki/kosyu_ws/src/sub/src/sub_node.cpp:13:29:[m[K [01;31m[Kerror: [m[Kâ€˜[01m[Ktimer_callback[m[Kâ€™ is not a member of â€˜[01m[KSubNode[m[Kâ€™
   13 |         std::bind(&SubNode::[01;31m[Ktimer_callback[m[K,this)
      |                             [01;31m[K^~~~~~~~~~~~~~[m[K
make[2]: *** [CMakeFiles/sub_node.dir/build.make:63: CMakeFiles/sub_node.dir/src/sub_node.cpp.o] Error 1
make[1]: *** [CMakeFiles/Makefile2:78: CMakeFiles/sub_node.dir/all] Error 2
make: *** [Makefile:141: all] Error 2
