[35m[1mScanning dependencies of target sub_node[0m
[ 33%] [32mBuilding CXX object CMakeFiles/sub_node.dir/src/sub_node.cpp.o[0m
[01m[K/home/motoki/kosyu_ws/src/sub/src/sub_node.cpp:[m[K In constructor â€˜[01m[KSubNode::SubNode(const string&, const rclcpp::NodeOptions&)[m[Kâ€™:
[01m[K/home/motoki/kosyu_ws/src/sub/src/sub_node.cpp:13:20:[m[K [01;31m[Kerror: [m[Kâ€˜[01m[KPubNode[m[Kâ€™ has not been declared
   13 |         std::bind(&[01;31m[KPubNode[m[K::timer_callback,this)
      |                    [01;31m[K^~~~~~~[m[K
make[2]: *** [CMakeFiles/sub_node.dir/build.make:63: CMakeFiles/sub_node.dir/src/sub_node.cpp.o] Error 1
make[1]: *** [CMakeFiles/Makefile2:78: CMakeFiles/sub_node.dir/all] Error 2
make: *** [Makefile:141: all] Error 2
